
> frontend@0.0.0 build
> vite build

[36mvite v8.0.0-beta.16 [32mbuilding client environment for production...[36m[39m
[2K
transforming...Γ£ô 1787 modules transformed.
node.exe : 
[31mΓ£ù[39m Build 
failed in 2.00s
At line:1 char:1
+ & "C:\Program Files\
nodejs/node.exe" 
"C:\Program 
Files\nodejs/node_mo 
...
+ ~~~~~~~~~~~~~~~~~~~~
~~~~~~~~~~~~~~~~~~~~~~
~~~~~~~~~~~~~~~~~~~~~~
~~~~~
    + CategoryInfo    
          : NotSpeci  
  fied: ([31mΓ£ù[   
 39m Build failed     
in 2.00s:String)     
[], RemoteExcepti    
on
    + FullyQualifiedE 
   rrorId : NativeCo  
  mmandError
 
[31merror during 
build:
[31mBuild failed 
with 4 errors:

[31m[UNRESOLVED_IMPOR
T] Error:[0m Could 
not resolve '../data/a
uctionsData' in 
src/api/dataService.js
   [38;5;246mΓò¡[0m
[38;5;246mΓöÇ[0m[38;
5;246m[[0m src/api/da
taService.js:1:30 
[38;5;246m][0m
   [38;5;246mΓöé[0m
 [38;5;246m1 Γöé[0m 
[38;5;249mi[0m[38;5
;249mm[0m[38;5;249mp
[0m[38;5;249mo[0m[
38;5;249mr[0m[38;5;2
49mt[0m[38;5;249m [
0m[38;5;249m{[0m[38
;5;249m [0m[38;5;249
ma[0m[38;5;249mu[0m
[38;5;249mc[0m[38;5
;249mt[0m[38;5;249mi
[0m[38;5;249mo[0m[
38;5;249mn[0m[38;5;2
49ms[0m[38;5;249mD[
0m[38;5;249ma[0m[38
;5;249mt[0m[38;5;249
ma[0m[38;5;249m [0m
[38;5;249m}[0m[38;5
;249m [0m[38;5;249mf
[0m[38;5;249mr[0m[
38;5;249mo[0m[38;5;2
49mm[0m[38;5;249m [
0m"../data/auctionsDat
a"[38;5;249m;[0m
 [38;5;240m  Γöé[0m 
                      
       ΓöÇΓöÇΓöÇΓöÇΓöÇ
ΓöÇΓöÇΓöÇΓöÇΓöÇΓöÇΓö¼Γ
öÇΓöÇΓöÇΓöÇΓöÇΓöÇΓöÇΓö
ÇΓöÇΓöÇ  
 [38;5;240m  Γöé[0m 
                      
                  Γò░Γ
öÇΓöÇΓöÇΓöÇΓöÇΓöÇΓöÇΓö
ÇΓöÇΓöÇΓöÇΓöÇ Module 
not found.
 [38;5;240m  Γöé[0m 
 [38;5;240m  Γöé[0m 
[38;5;115mHelp[0m: '
src/api/dataService.js
' is imported by the 
following path:
 [38;5;240m  Γöé[0m 
        - 
src/api/dataService.js
 [38;5;240m  Γöé[0m 
        - src/pages/in
vestor/InvestorDashboa
rd.jsx
 [38;5;240m  Γöé[0m 
        - src/routes/A
ppRoutes.jsx
 [38;5;240m  Γöé[0m 
        - src/App.jsx
 [38;5;240m  Γöé[0m 
        - src/main.jsx
 [38;5;240m  Γöé[0m 
        - index.html
[38;5;246mΓöÇΓöÇΓöÇΓò
»[0m

[31m[UNRESOLVED_IMPOR
T] Error:[0m Could 
not resolve 
'../data/dealsData' 
in 
src/api/dataService.js
   [38;5;246mΓò¡[0m
[38;5;246mΓöÇ[0m[38;
5;246m[[0m src/api/da
taService.js:2:27 
[38;5;246m][0m
   [38;5;246mΓöé[0m
 [38;5;246m2 Γöé[0m 
[38;5;249mi[0m[38;5
;249mm[0m[38;5;249mp
[0m[38;5;249mo[0m[
38;5;249mr[0m[38;5;2
49mt[0m[38;5;249m [
0m[38;5;249m{[0m[38
;5;249m [0m[38;5;249
md[0m[38;5;249me[0m
[38;5;249ma[0m[38;5
;249ml[0m[38;5;249ms
[0m[38;5;249mD[0m[
38;5;249ma[0m[38;5;2
49mt[0m[38;5;249ma[
0m[38;5;249m [0m[38
;5;249m}[0m[38;5;249
m [0m[38;5;249mf[0m
[38;5;249mr[0m[38;5
;249mo[0m[38;5;249mm
[0m[38;5;249m [0m".
./data/dealsData"[38;
5;249m;[0m
 [38;5;240m  Γöé[0m 
                      
    ΓöÇΓöÇΓöÇΓöÇΓöÇΓöÇ
ΓöÇΓöÇΓöÇΓö¼ΓöÇΓöÇΓöÇΓ
öÇΓöÇΓöÇΓöÇΓöÇΓöÇ  
 [38;5;240m  Γöé[0m 
                      
             Γò░ΓöÇΓöÇ
ΓöÇΓöÇΓöÇΓöÇΓöÇΓöÇΓöÇΓ
öÇΓöÇ Module not 
found.
 [38;5;240m  Γöé[0m 
 [38;5;240m  Γöé[0m 
[38;5;115mHelp[0m: '
src/api/dataService.js
' is imported by the 
following path:
 [38;5;240m  Γöé[0m 
        - 
src/api/dataService.js
 [38;5;240m  Γöé[0m 
        - src/pages/in
vestor/InvestorDashboa
rd.jsx
 [38;5;240m  Γöé[0m 
        - src/routes/A
ppRoutes.jsx
 [38;5;240m  Γöé[0m 
        - src/App.jsx
 [38;5;240m  Γöé[0m 
        - src/main.jsx
 [38;5;240m  Γöé[0m 
        - index.html
[38;5;246mΓöÇΓöÇΓöÇΓò
»[0m

[31m[UNRESOLVED_IMPOR
T] Error:[0m Could 
not resolve '../data/c
ontractsData' in 
src/api/dataService.js
   [38;5;246mΓò¡[0m
[38;5;246mΓöÇ[0m[38;
5;246m[[0m src/api/da
taService.js:3:31 
[38;5;246m][0m
   [38;5;246mΓöé[0m
 [38;5;246m3 Γöé[0m 
[38;5;249mi[0m[38;5
;249mm[0m[38;5;249mp
[0m[38;5;249mo[0m[
38;5;249mr[0m[38;5;2
49mt[0m[38;5;249m [
0m[38;5;249m{[0m[38
;5;249m [0m[38;5;249
mc[0m[38;5;249mo[0m
[38;5;249mn[0m[38;5
;249mt[0m[38;5;249mr
[0m[38;5;249ma[0m[
38;5;249mc[0m[38;5;2
49mt[0m[38;5;249ms[
0m[38;5;249mD[0m[38
;5;249ma[0m[38;5;249
mt[0m[38;5;249ma[0m
[38;5;249m [0m[38;5
;249m}[0m[38;5;249m 
[0m[38;5;249mf[0m[
38;5;249mr[0m[38;5;2
49mo[0m[38;5;249mm[
0m[38;5;249m [0m"../
data/contractsData"[3
8;5;249m;[0m
 [38;5;240m  Γöé[0m 
                      
        ΓöÇΓöÇΓöÇΓöÇΓö
ÇΓöÇΓöÇΓöÇΓöÇΓöÇΓöÇΓö¼
ΓöÇΓöÇΓöÇΓöÇΓöÇΓöÇΓöÇΓ
öÇΓöÇΓöÇΓöÇ  
 [38;5;240m  Γöé[0m 
                      
                   Γò░
ΓöÇΓöÇΓöÇΓöÇΓöÇΓöÇΓöÇΓ
öÇΓöÇΓöÇΓöÇΓöÇΓöÇ 
Module not found.
 [38;5;240m  Γöé[0m 
 [38;5;240m  Γöé[0m 
[38;5;115mHelp[0m: '
src/api/dataService.js
' is imported by the 
following path:
 [38;5;240m  Γöé[0m 
        - 
src/api/dataService.js
 [38;5;240m  Γöé[0m 
        - src/pages/in
vestor/InvestorDashboa
rd.jsx
 [38;5;240m  Γöé[0m 
        - src/routes/A
ppRoutes.jsx
 [38;5;240m  Γöé[0m 
        - src/App.jsx
 [38;5;240m  Γöé[0m 
        - src/main.jsx
 [38;5;240m  Γöé[0m 
        - index.html
[38;5;246mΓöÇΓöÇΓöÇΓò
»[0m

[31m[UNRESOLVED_IMPOR
T] Error:[0m Could 
not resolve 
'../data/escrowData' 
in 
src/api/dataService.js
   [38;5;246mΓò¡[0m
[38;5;246mΓöÇ[0m[38;
5;246m[[0m src/api/da
taService.js:4:28 
[38;5;246m][0m
   [38;5;246mΓöé[0m
 [38;5;246m4 Γöé[0m 
[38;5;249mi[0m[38;5
;249mm[0m[38;5;249mp
[0m[38;5;249mo[0m[
38;5;249mr[0m[38;5;2
49mt[0m[38;5;249m [
0m[38;5;249m{[0m[38
;5;249m [0m[38;5;249
me[0m[38;5;249ms[0m
[38;5;249mc[0m[38;5
;249mr[0m[38;5;249mo
[0m[38;5;249mw[0m[
38;5;249mD[0m[38;5;2
49ma[0m[38;5;249mt[
0m[38;5;249ma[0m[38
;5;249m [0m[38;5;249
m}[0m[38;5;249m [0m
[38;5;249mf[0m[38;5
;249mr[0m[38;5;249mo
[0m[38;5;249mm[0m[
38;5;249m [0m"../data
/escrowData"[38;5;249
m;[0m
 [38;5;240m  Γöé[0m 
                      
     ΓöÇΓöÇΓöÇΓöÇΓöÇΓö
ÇΓöÇΓöÇΓöÇΓöÇΓö¼ΓöÇΓöÇ
ΓöÇΓöÇΓöÇΓöÇΓöÇΓöÇΓöÇ 
 
 [38;5;240m  Γöé[0m 
                      
               Γò░ΓöÇΓ
öÇΓöÇΓöÇΓöÇΓöÇΓöÇΓöÇΓö
ÇΓöÇΓöÇ Module not 
found.
 [38;5;240m  Γöé[0m 
 [38;5;240m  Γöé[0m 
[38;5;115mHelp[0m: '
src/api/dataService.js
' is imported by the 
following path:
 [38;5;240m  Γöé[0m 
        - 
src/api/dataService.js
 [38;5;240m  Γöé[0m 
        - src/pages/in
vestor/InvestorDashboa
rd.jsx
 [38;5;240m  Γöé[0m 
        - src/routes/A
ppRoutes.jsx
 [38;5;240m  Γöé[0m 
        - src/App.jsx
 [38;5;240m  Γöé[0m 
        - src/main.jsx
 [38;5;240m  Γöé[0m 
        - index.html
[38;5;246mΓöÇΓöÇΓöÇΓò
»[0m
[31m
    at aggregateBindin
gErrorsIntoJsError (fi
le:///C:/Users/USER/De
sktop/Brickbanq_Dev/fr
ontend/node_modules/ro
lldown/dist/shared/err
or-BYPsvVEN.mjs:52:18)
    at 
unwrapBindingResult (f
ile:///C:/Users/USER/D
esktop/Brickbanq_Dev/f
rontend/node_modules/r
olldown/dist/shared/er
ror-BYPsvVEN.mjs:22:12
8)
    at #build (file://
/C:/Users/USER/Desktop
/Brickbanq_Dev/fronten
d/node_modules/rolldow
n/dist/shared/rolldown
-build-BsRSEDqH.mjs:33
56:34)
    at async 
buildEnvironment (file
:///C:/Users/USER/Desk
top/Brickbanq_Dev/fron
tend/node_modules/vite
/dist/node/chunks/node
.js:32703:64)
    at async 
Object.build (file:///
C:/Users/USER/Desktop/
Brickbanq_Dev/frontend
/node_modules/vite/dis
t/node/chunks/node.js:
33125:19)
    at async 
Object.buildApp (file:
///C:/Users/USER/Deskt
op/Brickbanq_Dev/front
end/node_modules/vite/
dist/node/chunks/node.
js:33122:153)
    at async 
CAC.<anonymous> (file:
///C:/Users/USER/Deskt
op/Brickbanq_Dev/front
end/node_modules/vite/
dist/node/cli.js:642:3
) {
  errors: 
[Getter/Setter]
}[39m
