
> frontend@0.0.0 build
> vite build

[36mvite v8.0.0-beta.16 [32mbuilding client environment for production...[36m[39m
[2K
transforming...Γ£ô 1780 modules transformed.
node.exe : 
[31mΓ£ù[39m Build 
failed in 2.39s
At line:1 char:1
+ & "C:\Program Files\
nodejs/node.exe" 
"C:\Program 
Files\nodejs/node_mo 
...
+ ~~~~~~~~~~~~~~~~~~~~
~~~~~~~~~~~~~~~~~~~~~~
~~~~~~~~~~~~~~~~~~~~~~
~~~~~
    + CategoryInfo    
          : NotSpeci  
  fied: ([31mΓ£ù[   
 39m Build failed     
in 2.39s:String)     
[], RemoteExcepti    
on
    + FullyQualifiedE 
   rrorId : NativeCo  
  mmandError
 
[31merror during 
build:
[31mBuild failed 
with 3 errors:

[31m[UNRESOLVED_IMPOR
T] Error:[0m Could 
not resolve '../../api
/dataService' in src/p
ages/investor/Investor
Dashboard.jsx
   [38;5;246mΓò¡[0m
[38;5;246mΓöÇ[0m[38;
5;246m[[0m src/pages/
investor/InvestorDashb
oard.jsx:8:30 
[38;5;246m][0m
   [38;5;246mΓöé[0m
 [38;5;246m8 Γöé[0m 
[38;5;249mi[0m[38;5
;249mm[0m[38;5;249mp
[0m[38;5;249mo[0m[
38;5;249mr[0m[38;5;2
49mt[0m[38;5;249m [
0m[38;5;249m{[0m[38
;5;249m [0m[38;5;249
md[0m[38;5;249me[0m
[38;5;249ma[0m[38;5
;249ml[0m[38;5;249ms
[0m[38;5;249mS[0m[
38;5;249me[0m[38;5;2
49mr[0m[38;5;249mv[
0m[38;5;249mi[0m[38
;5;249mc[0m[38;5;249
me[0m[38;5;249m [0m
[38;5;249m}[0m[38;5
;249m [0m[38;5;249mf
[0m[38;5;249mr[0m[
38;5;249mo[0m[38;5;2
49mm[0m[38;5;249m [
0m"../../api/dataServi
ce"[38;5;249m;[0m
 [38;5;240m  Γöé[0m 
                      
       ΓöÇΓöÇΓöÇΓöÇΓöÇ
ΓöÇΓöÇΓöÇΓöÇΓöÇΓöÇΓö¼Γ
öÇΓöÇΓöÇΓöÇΓöÇΓöÇΓöÇΓö
ÇΓöÇΓöÇΓöÇ  
 [38;5;240m  Γöé[0m 
                      
                  Γò░Γ
öÇΓöÇΓöÇΓöÇΓöÇΓöÇΓöÇΓö
ÇΓöÇΓöÇΓöÇΓöÇΓöÇ 
Module not found.
 [38;5;240m  Γöé[0m 
 [38;5;240m  Γöé[0m 
[38;5;115mHelp[0m: '
src/pages/investor/Inv
estorDashboard.jsx' 
is imported by the 
following path:
 [38;5;240m  Γöé[0m 
        - src/pages/in
vestor/InvestorDashboa
rd.jsx
 [38;5;240m  Γöé[0m 
        - src/routes/A
ppRoutes.jsx
 [38;5;240m  Γöé[0m 
        - src/App.jsx
 [38;5;240m  Γöé[0m 
        - src/main.jsx
 [38;5;240m  Γöé[0m 
        - index.html
[38;5;246mΓöÇΓöÇΓöÇΓò
»[0m

[31m[UNRESOLVED_IMPOR
T] Error:[0m Could 
not resolve '../../api
/dataService' in src/c
omponents/lender_dashb
oard/LenderRecentActiv
ity.jsx
   [38;5;246mΓò¡[0m
[38;5;246mΓöÇ[0m[38;
5;246m[[0m src/compon
ents/lender_dashboard/
LenderRecentActivity.j
sx:3:33 
[38;5;246m][0m
   [38;5;246mΓöé[0m
 [38;5;246m3 Γöé[0m 
[38;5;249mi[0m[38;5
;249mm[0m[38;5;249mp
[0m[38;5;249mo[0m[
38;5;249mr[0m[38;5;2
49mt[0m[38;5;249m [
0m[38;5;249m{[0m[38
;5;249m [0m[38;5;249
ma[0m[38;5;249mc[0m
[38;5;249mt[0m[38;5
;249mi[0m[38;5;249mv
[0m[38;5;249mi[0m[
38;5;249mt[0m[38;5;2
49my[0m[38;5;249mS[
0m[38;5;249me[0m[38
;5;249mr[0m[38;5;249
mv[0m[38;5;249mi[0m
[38;5;249mc[0m[38;5
;249me[0m[38;5;249m 
[0m[38;5;249m}[0m[
38;5;249m [0m[38;5;2
49mf[0m[38;5;249mr[
0m[38;5;249mo[0m[38
;5;249mm[0m[38;5;249
m [0m"../../api/dataS
ervice"[38;5;249m;[0
m
 [38;5;240m  Γöé[0m 
                      
          ΓöÇΓöÇΓöÇΓöÇ
ΓöÇΓöÇΓöÇΓöÇΓöÇΓöÇΓöÇΓ
ö¼ΓöÇΓöÇΓöÇΓöÇΓöÇΓöÇΓö
ÇΓöÇΓöÇΓöÇΓöÇ  
 [38;5;240m  Γöé[0m 
                      
                     Γ
ò░ΓöÇΓöÇΓöÇΓöÇΓöÇΓöÇΓö
ÇΓöÇΓöÇΓöÇΓöÇΓöÇΓöÇ 
Module not found.
 [38;5;240m  Γöé[0m 
 [38;5;240m  Γöé[0m 
[38;5;115mHelp[0m: '
src/components/lender_
dashboard/LenderRecent
Activity.jsx' is 
imported by the 
following path:
 [38;5;240m  Γöé[0m 
        - src/componen
ts/lender_dashboard/Le
nderRecentActivity.jsx
 [38;5;240m  Γöé[0m 
        - src/pages/le
nder/LenderDashboard.j
sx
 [38;5;240m  Γöé[0m 
        - src/routes/A
ppRoutes.jsx
 [38;5;240m  Γöé[0m 
        - src/App.jsx
 [38;5;240m  Γöé[0m 
        - src/main.jsx
 [38;5;240m  Γöé[0m 
        - index.html
[38;5;246mΓöÇΓöÇΓöÇΓò
»[0m

[31m[UNRESOLVED_IMPOR
T] Error:[0m Could 
not resolve '../../api
/dataService' in src/c
omponents/lender_dashb
oard/LenderPortfolioTa
ble.jsx
   [38;5;246mΓò¡[0m
[38;5;246mΓöÇ[0m[38;
5;246m[[0m src/compon
ents/lender_dashboard/
LenderPortfolioTable.j
sx:4:47 
[38;5;246m][0m
   [38;5;246mΓöé[0m
 [38;5;246m4 Γöé[0m 
[38;5;249mi[0m[38;5
;249mm[0m[38;5;249mp
[0m[38;5;249mo[0m[
38;5;249mr[0m[38;5;2
49mt[0m[38;5;249m [
0m[38;5;249m{[0m[38
;5;249m [0m[38;5;249
mc[0m[38;5;249ma[0m
[38;5;249ms[0m[38;5
;249me[0m[38;5;249ms
[0m[38;5;249mS[0m[
38;5;249me[0m[38;5;2
49mr[0m[38;5;249mv[
0m[38;5;249mi[0m[38
;5;249mc[0m[38;5;249
me[0m[38;5;249m,[0m
[38;5;249m [0m[38;5
;249ma[0m[38;5;249mc
[0m[38;5;249mt[0m[
38;5;249mi[0m[38;5;2
49mv[0m[38;5;249mi[
0m[38;5;249mt[0m[38
;5;249my[0m[38;5;249
mS[0m[38;5;249me[0m
[38;5;249mr[0m[38;5
;249mv[0m[38;5;249mi
[0m[38;5;249mc[0m[
38;5;249me[0m[38;5;2
49m [0m[38;5;249m}[
0m[38;5;249m [0m[38
;5;249mf[0m[38;5;249
mr[0m[38;5;249mo[0m
[38;5;249mm[0m[38;5
;249m [0m"../../api/d
ataService"[38;5;249m
;[0m
 [38;5;240m  Γöé[0m 
                      
                      
  ΓöÇΓöÇΓöÇΓöÇΓöÇΓöÇΓö
ÇΓöÇΓöÇΓöÇΓöÇΓö¼ΓöÇΓöÇ
ΓöÇΓöÇΓöÇΓöÇΓöÇΓöÇΓöÇΓ
öÇΓöÇ  
 [38;5;240m  Γöé[0m 
                      
                      
             Γò░ΓöÇΓöÇ
ΓöÇΓöÇΓöÇΓöÇΓöÇΓöÇΓöÇΓ
öÇΓöÇΓöÇΓöÇ Module 
not found.
 [38;5;240m  Γöé[0m 
 [38;5;240m  Γöé[0m 
[38;5;115mHelp[0m: '
src/components/lender_
dashboard/LenderPortfo
lioTable.jsx' is 
imported by the 
following path:
 [38;5;240m  Γöé[0m 
        - src/componen
ts/lender_dashboard/Le
nderPortfolioTable.jsx
 [38;5;240m  Γöé[0m 
        - src/pages/le
nder/LenderDashboard.j
sx
 [38;5;240m  Γöé[0m 
        - src/routes/A
ppRoutes.jsx
 [38;5;240m  Γöé[0m 
        - src/App.jsx
 [38;5;240m  Γöé[0m 
        - src/main.jsx
 [38;5;240m  Γöé[0m 
        - index.html
[38;5;246mΓöÇΓöÇΓöÇΓò
»[0m
[31m
    at aggregateBindin
gErrorsIntoJsError (fi
le:///C:/Users/USER/De
sktop/Brickbanq_Dev/fr
ontend/node_modules/ro
lldown/dist/shared/err
or-BYPsvVEN.mjs:52:18)
    at 
unwrapBindingResult (f
ile:///C:/Users/USER/D
esktop/Brickbanq_Dev/f
rontend/node_modules/r
olldown/dist/shared/er
ror-BYPsvVEN.mjs:22:12
8)
    at #build (file://
/C:/Users/USER/Desktop
/Brickbanq_Dev/fronten
d/node_modules/rolldow
n/dist/shared/rolldown
-build-BsRSEDqH.mjs:33
56:34)
    at async 
buildEnvironment (file
:///C:/Users/USER/Desk
top/Brickbanq_Dev/fron
tend/node_modules/vite
/dist/node/chunks/node
.js:32703:64)
    at async 
Object.build (file:///
C:/Users/USER/Desktop/
Brickbanq_Dev/frontend
/node_modules/vite/dis
t/node/chunks/node.js:
33125:19)
    at async 
Object.buildApp (file:
///C:/Users/USER/Deskt
op/Brickbanq_Dev/front
end/node_modules/vite/
dist/node/chunks/node.
js:33122:153)
    at async 
CAC.<anonymous> (file:
///C:/Users/USER/Deskt
op/Brickbanq_Dev/front
end/node_modules/vite/
dist/node/cli.js:642:3
) {
  errors: 
[Getter/Setter]
}[39m
