python : Traceback 
(most recent call 
last):
At line:1 char:1
+ python check_db.py 
2> error.log
+ ~~~~~~~~~~~~~~~~~~~~
~~~~~~~~~~~
    + CategoryInfo    
          : NotSpeci  
  fied: (Traceback    
 (most recent call    
 last)::String) [    
], RemoteExceptio    n
    + FullyQualifiedE 
   rrorId : NativeCo  
  mmandError
 
  File "C:\Users\USER\
Desktop\Brickbanq_Dev\
backend\check_db.py", 
line 9, in <module>
    from app.infrastru
cture.database import 
async_session_maker
ImportError: cannot 
import name 
'async_session_maker' 
from 'app.infrastructu
re.database' (c:\Users
\USER\Desktop\Brickban
q_Dev\backend\app\infr
astructure\database.py
)
